#
# There is insufficient memory for the Java Runtime Environment to continue.
# Native memory allocation (malloc) failed to allocate 685776 bytes for Chunk::new
# Possible reasons:
#   The system is out of physical RAM or swap space
#   In 32 bit mode, the process size limit was hit
# Possible solutions:
#   Reduce memory load on the system
#   Increase physical memory or swap space
#   Check if swap backing store is full
#   Use 64 bit Java on a 64 bit OS
#   Decrease Java heap size (-Xmx/-Xms)
#   Decrease number of Java threads
#   Decrease Java thread stack sizes (-Xss)
#   Set larger code cache with -XX:ReservedCodeCacheSize=
# This output file may be truncated or incomplete.
#
#  Out of Memory Error (allocation.cpp:390), pid=1404, tid=0x0000000000002f4c
#
# JRE version: Java(TM) SE Runtime Environment (8.0_131-b11) (build 1.8.0_131-b11)
# Java VM: Java HotSpot(TM) 64-Bit Server VM (25.131-b11 mixed mode windows-amd64 compressed oops)
# Failed to write core dump. Minidumps are not enabled by default on client versions of Windows
#

---------------  T H R E A D  ---------------

Current thread (0x000000001d688000):  JavaThread "C2 CompilerThread0" daemon [_thread_in_native, id=12108, stack(0x000000001dc10000,0x000000001dd10000)]

Stack: [0x000000001dc10000,0x000000001dd10000]
[error occurred during error reporting (printing stack bounds), id 0xc0000005]

Native frames: (J=compiled Java code, j=interpreted, Vv=VM code, C=native code)


Current CompileTask:
C2:  34622 9104   !   4       org.antlr.grammar.v2.ANTLRTreePrinter::element (1235 bytes)


---------------  P R O C E S S  ---------------

Java Threads: ( => current thread )
  0x000000001e79b000 JavaThread "com.google.inject.internal.util.$Finalizer" daemon [_thread_blocked, id=8868, stack(0x0000000020cb0000,0x0000000020db0000)]
  0x000000001ecdd800 JavaThread "EMF Reference Cleaner" daemon [_thread_blocked, id=3456, stack(0x000000001f9e0000,0x000000001fae0000)]
  0x000000001d717800 JavaThread "Service Thread" daemon [_thread_blocked, id=2748, stack(0x000000001df10000,0x000000001e010000)]
  0x000000001d69d800 JavaThread "C1 CompilerThread2" daemon [_thread_blocked, id=8716, stack(0x000000001de10000,0x000000001df10000)]
  0x000000001d68e000 JavaThread "C2 CompilerThread1" daemon [_thread_in_native, id=6868, stack(0x000000001dd10000,0x000000001de10000)]
=>0x000000001d688000 JavaThread "C2 CompilerThread0" daemon [_thread_in_native, id=12108, stack(0x000000001dc10000,0x000000001dd10000)]
  0x000000001d685000 JavaThread "Attach Listener" daemon [_thread_blocked, id=6072, stack(0x000000001db10000,0x000000001dc10000)]
  0x000000001d682800 JavaThread "Signal Dispatcher" daemon [_thread_blocked, id=7672, stack(0x000000001da10000,0x000000001db10000)]
  0x000000001c2e8000 JavaThread "Finalizer" daemon [_thread_blocked, id=9176, stack(0x000000001d510000,0x000000001d610000)]
  0x000000001c2ba800 JavaThread "Reference Handler" daemon [_thread_blocked, id=636, stack(0x000000001d410000,0x000000001d510000)]
  0x00000000051aa000 JavaThread "main" [_thread_in_Java, id=10564, stack(0x0000000004fa0000,0x00000000050a0000)]

Other Threads:
  0x000000001c2ab800 VMThread [stack: 0x000000001d310000,0x000000001d410000] [id=12716]
  0x000000001d743000 WatcherThread [stack: 0x000000001e010000,0x000000001e110000] [id=11508]

VM state:not at safepoint (normal execution)

VM Mutex/Monitor currently owned by a thread: None

Heap:
 PSYoungGen      total 559104K, used 19854K [0x0000000780c00000, 0x00000007b3980000, 0x00000007c0000000)
  eden space 501248K, 3% used [0x0000000780c00000,0x0000000781f639f0,0x000000079f580000)
  from space 57856K, 0% used [0x000000079f580000,0x000000079f580000,0x00000007a2e00000)
  to   space 87552K, 0% used [0x00000007ae400000,0x00000007ae400000,0x00000007b3980000)
 ParOldGen       total 296448K, used 108871K [0x0000000702400000, 0x0000000714580000, 0x0000000780c00000)
  object space 296448K, 36% used [0x0000000702400000,0x0000000708e51ef0,0x0000000714580000)
 Metaspace       used 35558K, capacity 36217K, committed 36392K, reserved 1081344K
  class space    used 3999K, capacity 4148K, committed 4224K, reserved 1048576K

Card table byte_map: [0x0000000014660000,0x0000000014c50000] byte_map_base: 0x0000000010e4e000

Marking Bits: (ParMarkBitMap*) 0x000000006b06c720
 Begin Bits: [0x0000000015450000, 0x00000000183c0000)
 End Bits:   [0x00000000183c0000, 0x000000001b330000)

Polling page: 0x0000000003000000

CodeCache: size=245760Kb used=34975Kb max_used=34975Kb free=210784Kb
 bounds [0x00000000052a0000, 0x0000000007510000, 0x00000000142a0000]
 total_blobs=7986 nmethods=7570 adapters=325
 compilation: enabled

Compilation events (10 events):
Event: 33.569 Thread 0x000000001d68e000 nmethod 9124 0x0000000006228ed0 code [0x0000000006229020, 0x0000000006229158]
Event: 33.569 Thread 0x000000001d68e000 9116       4       org.antlr.stringtemplate.StringTemplate::setAttribute (189 bytes)
Event: 33.614 Thread 0x000000001d69d800 9129 %     3       org.antlr.analysis.DFA::createTransitionTableEntryForState @ 176 (318 bytes)
Event: 33.619 Thread 0x000000001d69d800 nmethod 9129% 0x0000000007504090 code [0x00000000075045c0, 0x0000000007508bf8]
Event: 33.620 Thread 0x000000001d69d800 9130       3       org.antlr.analysis.DFA::createEOTAndEOFTables (214 bytes)
Event: 34.572 Thread 0x000000001d69d800 nmethod 9130 0x0000000006785210 code [0x0000000006785600, 0x0000000006788398]
Event: 34.578 Thread 0x000000001d69d800 9131       2       org.antlr.codegen.ACyclicDFACodeGenerator::genFixedLookaheadDecision (12 bytes)
Event: 34.579 Thread 0x000000001d69d800 nmethod 9131 0x000000000541c910 code [0x000000000541ca80, 0x000000000541cc08]
Event: 34.585 Thread 0x000000001d69d800 9133       2       org.antlr.codegen.CodeGenerator::genLookaheadDecision (106 bytes)
Event: 34.586 Thread 0x000000001d69d800 nmethod 9133 0x00000000054efad0 code [0x00000000054efce0, 0x00000000054f0358]

GC Heap History (10 events):
Event: 23.994 GC heap before
{Heap before GC invocations=12 (full 1):
 PSYoungGen      total 429056K, used 170214K [0x0000000780c00000, 0x000000079c880000, 0x00000007c0000000)
  eden space 403456K, 40% used [0x0000000780c00000,0x000000078ab818f8,0x0000000799600000)
  from space 25600K, 26% used [0x000000079af00000,0x000000079b5b8010,0x000000079c800000)
  to   space 25600K, 0% used [0x0000000799600000,0x0000000799600000,0x000000079af00000)
 ParOldGen       total 92160K, used 36599K [0x0000000702400000, 0x0000000707e00000, 0x0000000780c00000)
  object space 92160K, 39% used [0x0000000702400000,0x00000007047bdd28,0x0000000707e00000)
 Metaspace       used 34853K, capacity 35431K, committed 35496K, reserved 1081344K
  class space    used 3953K, capacity 4096K, committed 4096K, reserved 1048576K
Event: 24.040 GC heap after
Heap after GC invocations=12 (full 1):
 PSYoungGen      total 429056K, used 25574K [0x0000000780c00000, 0x00000007a4e00000, 0x00000007c0000000)
  eden space 403456K, 0% used [0x0000000780c00000,0x0000000780c00000,0x0000000799600000)
  from space 25600K, 99% used [0x0000000799600000,0x000000079aef9868,0x000000079af00000)
  to   space 32768K, 0% used [0x00000007a2e00000,0x00000007a2e00000,0x00000007a4e00000)
 ParOldGen       total 92160K, used 46507K [0x0000000702400000, 0x0000000707e00000, 0x0000000780c00000)
  object space 92160K, 50% used [0x0000000702400000,0x000000070516acb0,0x0000000707e00000)
 Metaspace       used 34853K, capacity 35431K, committed 35496K, reserved 1081344K
  class space    used 3953K, capacity 4096K, committed 4096K, reserved 1048576K
}
Event: 24.040 GC heap before
{Heap before GC invocations=13 (full 2):
 PSYoungGen      total 429056K, used 25574K [0x0000000780c00000, 0x00000007a4e00000, 0x00000007c0000000)
  eden space 403456K, 0% used [0x0000000780c00000,0x0000000780c00000,0x0000000799600000)
  from space 25600K, 99% used [0x0000000799600000,0x000000079aef9868,0x000000079af00000)
  to   space 32768K, 0% used [0x00000007a2e00000,0x00000007a2e00000,0x00000007a4e00000)
 ParOldGen       total 92160K, used 46507K [0x0000000702400000, 0x0000000707e00000, 0x0000000780c00000)
  object space 92160K, 50% used [0x0000000702400000,0x000000070516acb0,0x0000000707e00000)
 Metaspace       used 34853K, capacity 35431K, committed 35496K, reserved 1081344K
  class space    used 3953K, capacity 4096K, committed 4096K, reserved 1048576K
Event: 24.366 GC heap after
Heap after GC invocations=13 (full 2):
 PSYoungGen      total 429056K, used 0K [0x0000000780c00000, 0x00000007a4e00000, 0x00000007c0000000)
  eden space 403456K, 0% used [0x0000000780c00000,0x0000000780c00000,0x0000000799600000)
  from space 25600K, 0% used [0x0000000799600000,0x0000000799600000,0x000000079af00000)
  to   space 32768K, 0% used [0x00000007a2e00000,0x00000007a2e00000,0x00000007a4e00000)
 ParOldGen       total 169472K, used 55106K [0x0000000702400000, 0x000000070c980000, 0x0000000780c00000)
  object space 169472K, 32% used [0x0000000702400000,0x00000007059d09b8,0x000000070c980000)
 Metaspace       used 34853K, capacity 35431K, committed 35496K, reserved 1081344K
  class space    used 3953K, capacity 4096K, committed 4096K, reserved 1048576K
}
Event: 28.214 GC heap before
{Heap before GC invocations=14 (full 2):
 PSYoungGen      total 429056K, used 403456K [0x0000000780c00000, 0x00000007a4e00000, 0x00000007c0000000)
  eden space 403456K, 100% used [0x0000000780c00000,0x0000000799600000,0x0000000799600000)
  from space 25600K, 0% used [0x0000000799600000,0x0000000799600000,0x000000079af00000)
  to   space 32768K, 0% used [0x00000007a2e00000,0x00000007a2e00000,0x00000007a4e00000)
 ParOldGen       total 169472K, used 55106K [0x0000000702400000, 0x000000070c980000, 0x0000000780c00000)
  object space 169472K, 32% used [0x0000000702400000,0x00000007059d09b8,0x000000070c980000)
 Metaspace       used 35275K, capacity 35943K, committed 36136K, reserved 1081344K
  class space    used 3995K, capacity 4145K, committed 4224K, reserved 1048576K
Event: 28.266 GC heap after
Heap after GC invocations=14 (full 2):
 PSYoungGen      total 534016K, used 32743K [0x0000000780c00000, 0x00000007a7800000, 0x00000007c0000000)
  eden space 501248K, 0% used [0x0000000780c00000,0x0000000780c00000,0x000000079f580000)
  from space 32768K, 99% used [0x00000007a2e00000,0x00000007a4df9e50,0x00000007a4e00000)
  to   space 57856K, 0% used [0x000000079f580000,0x000000079f580000,0x00000007a2e00000)
 ParOldGen       total 169472K, used 110859K [0x0000000702400000, 0x000000070c980000, 0x0000000780c00000)
  object space 169472K, 65% used [0x0000000702400000,0x0000000709042f98,0x000000070c980000)
 Metaspace       used 35275K, capacity 35943K, committed 36136K, reserved 1081344K
  class space    used 3995K, capacity 4145K, committed 4224K, reserved 1048576K
}
Event: 33.622 GC heap before
{Heap before GC invocations=15 (full 2):
 PSYoungGen      total 534016K, used 533991K [0x0000000780c00000, 0x00000007a7800000, 0x00000007c0000000)
  eden space 501248K, 100% used [0x0000000780c00000,0x000000079f580000,0x000000079f580000)
  from space 32768K, 99% used [0x00000007a2e00000,0x00000007a4df9e50,0x00000007a4e00000)
  to   space 57856K, 0% used [0x000000079f580000,0x000000079f580000,0x00000007a2e00000)
 ParOldGen       total 169472K, used 110859K [0x0000000702400000, 0x000000070c980000, 0x0000000780c00000)
  object space 169472K, 65% used [0x0000000702400000,0x0000000709042f98,0x000000070c980000)
 Metaspace       used 35554K, capacity 36217K, committed 36392K, reserved 1081344K
  class space    used 3999K, capacity 4148K, committed 4224K, reserved 1048576K
Event: 33.774 GC heap after
Heap after GC invocations=15 (full 2):
 PSYoungGen      total 559104K, used 57831K [0x0000000780c00000, 0x00000007b3980000, 0x00000007c0000000)
  eden space 501248K, 0% used [0x0000000780c00000,0x0000000780c00000,0x000000079f580000)
  from space 57856K, 99% used [0x000000079f580000,0x00000007a2df9ff8,0x00000007a2e00000)
  to   space 87552K, 0% used [0x00000007ae400000,0x00000007ae400000,0x00000007b3980000)
 ParOldGen       total 169472K, used 165468K [0x0000000702400000, 0x000000070c980000, 0x0000000780c00000)
  object space 169472K, 97% used [0x0000000702400000,0x000000070c5973f0,0x000000070c980000)
 Metaspace       used 35554K, capacity 36217K, committed 36392K, reserved 1081344K
  class space    used 3999K, capacity 4148K, committed 4224K, reserved 1048576K
}
Event: 33.774 GC heap before
{Heap before GC invocations=16 (full 3):
 PSYoungGen      total 559104K, used 57831K [0x0000000780c00000, 0x00000007b3980000, 0x00000007c0000000)
  eden space 501248K, 0% used [0x0000000780c00000,0x0000000780c00000,0x000000079f580000)
  from space 57856K, 99% used [0x000000079f580000,0x00000007a2df9ff8,0x00000007a2e00000)
  to   space 87552K, 0% used [0x00000007ae400000,0x00000007ae400000,0x00000007b3980000)
 ParOldGen       total 169472K, used 165468K [0x0000000702400000, 0x000000070c980000, 0x0000000780c00000)
  object space 169472K, 97% used [0x0000000702400000,0x000000070c5973f0,0x000000070c980000)
 Metaspace       used 35554K, capacity 36217K, committed 36392K, reserved 1081344K
  class space    used 3999K, capacity 4148K, committed 4224K, reserved 1048576K
Event: 34.571 GC heap after
Heap after GC invocations=16 (full 3):
 PSYoungGen      total 559104K, used 0K [0x0000000780c00000, 0x00000007b3980000, 0x00000007c0000000)
  eden space 501248K, 0% used [0x0000000780c00000,0x0000000780c00000,0x000000079f580000)
  from space 57856K, 0% used [0x000000079f580000,0x000000079f580000,0x00000007a2e00000)
  to   space 87552K, 0% used [0x00000007ae400000,0x00000007ae400000,0x00000007b3980000)
 ParOldGen       total 296448K, used 108871K [0x0000000702400000, 0x0000000714580000, 0x0000000780c00000)
  object space 296448K, 36% used [0x0000000702400000,0x0000000708e51ef0,0x0000000714580000)
 Metaspace       used 35554K, capacity 36217K, committed 36392K, reserved 1081344K
  class space    used 3999K, capacity 4148K, committed 4224K, reserved 1048576K
}

Deoptimization events (10 events):
Event: 29.071 Thread 0x00000000051aa000 Uncommon trap: reason=bimorphic action=maybe_recompile pc=0x0000000007293238 method=java.util.regex.Pattern$Curly.match0(Ljava/util/regex/Matcher;IILjava/lang/CharSequence;)Z @ 77
Event: 29.073 Thread 0x00000000051aa000 Uncommon trap: reason=bimorphic action=maybe_recompile pc=0x0000000007293238 method=java.util.regex.Pattern$Curly.match0(Ljava/util/regex/Matcher;IILjava/lang/CharSequence;)Z @ 77
Event: 29.098 Thread 0x00000000051aa000 Uncommon trap: reason=unstable_if action=reinterpret pc=0x000000000728ae3c method=java.util.regex.Pattern$Bound.check(Ljava/util/regex/Matcher;ILjava/lang/CharSequence;)I @ 34
Event: 29.475 Thread 0x00000000051aa000 Uncommon trap: reason=unstable_if action=reinterpret pc=0x00000000072b171c method=org.eclipse.xtext.generator.LineSeparatorHarmonizer.replaceLineSeparators(Ljava/lang/CharSequence;Ljava/lang/String;)Ljava/lang/String; @ 56
Event: 29.484 Thread 0x00000000051aa000 Uncommon trap: reason=unstable_if action=reinterpret pc=0x00000000072178d0 method=java.io.CharArrayWriter.write(I)V @ 20
Event: 29.618 Thread 0x00000000051aa000 Uncommon trap: reason=unstable_if action=reinterpret pc=0x0000000005ded194 method=java.io.CharArrayWriter.write(I)V @ 20
Event: 33.439 Thread 0x00000000051aa000 Uncommon trap: reason=unstable_if action=reinterpret pc=0x0000000006155a54 method=org.antlr.stringtemplate.language.ASTExpr.convertArrayToList(Ljava/lang/Object;)Ljava/lang/Object; @ 13
Event: 33.495 Thread 0x00000000051aa000 Uncommon trap: reason=unstable_if action=reinterpret pc=0x000000000716445c method=org.antlr.analysis.DFA.createTransitionTableEntryForState(Lorg/antlr/analysis/DFAState;)V @ 189
Event: 33.495 Thread 0x00000000051aa000 Uncommon trap: reason=unstable_if action=reinterpret pc=0x0000000007143df4 method=org.antlr.analysis.DFA.createEOTAndEOFTables(Lorg/antlr/analysis/DFAState;)V @ 176
Event: 33.495 Thread 0x00000000051aa000 Uncommon trap: reason=unstable_if action=reinterpret pc=0x00000000071566a8 method=java.util.AbstractList.equals(Ljava/lang/Object;)Z @ 67

Internal exceptions (10 events):
Event: 19.667 Thread 0x00000000051aa000 Implicit null exception at 0x0000000006638ad3 to 0x0000000006638b4d
Event: 20.702 Thread 0x00000000051aa000 Implicit null exception at 0x00000000054d26b0 to 0x00000000054d26d1
Event: 23.051 Thread 0x00000000051aa000 Implicit null exception at 0x000000000546be30 to 0x000000000546be41
Event: 25.814 Thread 0x00000000051aa000 Implicit null exception at 0x00000000061da11e to 0x00000000061da9cd
Event: 25.815 Thread 0x00000000051aa000 Implicit null exception at 0x000000000621d356 to 0x000000000621db69
Event: 25.841 Thread 0x00000000051aa000 Implicit null exception at 0x0000000006f14f75 to 0x0000000006f15175
Event: 26.120 Thread 0x00000000051aa000 Implicit null exception at 0x00000000070755f2 to 0x000000000707833d
Event: 26.325 Thread 0x00000000051aa000 Implicit null exception at 0x0000000007139d0c to 0x000000000713a2d5
Event: 27.384 Thread 0x00000000051aa000 Implicit null exception at 0x0000000006f631db to 0x0000000006f63841
Event: 33.495 Thread 0x00000000051aa000 Implicit null exception at 0x0000000007156002 to 0x000000000715668d

Events (10 events):
Event: 34.572 Executing VM operation: RevokeBias done
Event: 34.572 Executing VM operation: RevokeBias
Event: 34.573 Executing VM operation: RevokeBias done
Event: 34.573 Executing VM operation: RevokeBias
Event: 34.573 Executing VM operation: RevokeBias done
Event: 34.573 Executing VM operation: BulkRevokeBias
Event: 34.573 Executing VM operation: BulkRevokeBias done
Event: 34.573 Thread 0x000000001d69d800 flushing nmethod 0x00000000054efad0
Event: 34.573 Executing VM operation: RevokeBias
Event: 34.573 Executing VM operation: RevokeBias done


Dynamic libraries:
0x00007ff7cbc00000 - 0x00007ff7cbc37000 	C:\Program Files\Java\jdk1.8.0_131\bin\javaw.exe
0x00007ff8049a0000 - 0x00007ff804b80000 	C:\WINDOWS\SYSTEM32\ntdll.dll
0x00007ff802270000 - 0x00007ff80231e000 	C:\WINDOWS\System32\KERNEL32.DLL
0x00007ff801250000 - 0x00007ff8014b6000 	C:\WINDOWS\System32\KERNELBASE.dll
0x00007fffff190000 - 0x00007fffff217000 	C:\WINDOWS\SYSTEM32\apphelp.dll
0x00007fffc4160000 - 0x00007fffc45f0000 	C:\WINDOWS\SYSTEM32\AcLayers.DLL
0x00007ff802bc0000 - 0x00007ff802c5d000 	C:\WINDOWS\System32\msvcrt.dll
0x00007ff802080000 - 0x00007ff80220f000 	C:\WINDOWS\System32\USER32.dll
0x00007ff801c10000 - 0x00007ff801c30000 	C:\WINDOWS\System32\win32u.dll
0x00007ff8027f0000 - 0x00007ff802818000 	C:\WINDOWS\System32\GDI32.dll
0x00007ff801cd0000 - 0x00007ff801e64000 	C:\WINDOWS\System32\gdi32full.dll
0x00007ff801c30000 - 0x00007ff801ccb000 	C:\WINDOWS\System32\msvcp_win.dll
0x00007ff8010d0000 - 0x00007ff8011c6000 	C:\WINDOWS\System32\ucrtbase.dll
0x00007ff802320000 - 0x00007ff802371000 	C:\WINDOWS\System32\SHLWAPI.dll
0x00007ff804370000 - 0x00007ff804678000 	C:\WINDOWS\System32\combase.dll
0x00007ff802c60000 - 0x00007ff802d7f000 	C:\WINDOWS\System32\RPCRT4.dll
0x00007ff8011d0000 - 0x00007ff801242000 	C:\WINDOWS\System32\bcryptPrimitives.dll
0x00007ffffb090000 - 0x00007ffffb116000 	C:\WINDOWS\SYSTEM32\WINSPOOL.DRV
0x00007ff800310000 - 0x00007ff800349000 	C:\WINDOWS\SYSTEM32\IPHLPAPI.DLL
0x00007ff800850000 - 0x00007ff800875000 	C:\WINDOWS\SYSTEM32\bcrypt.dll
0x0000000000af0000 - 0x0000000000af3000 	C:\WINDOWS\SYSTEM32\sfc.dll
0x00007ffffd8e0000 - 0x00007ffffd8f3000 	C:\WINDOWS\SYSTEM32\sfc_os.DLL
0x00007fffe9310000 - 0x00007fffe9321000 	C:\WINDOWS\SYSTEM32\SortWindows61.dll
0x00007ff804690000 - 0x00007ff8046bd000 	C:\WINDOWS\System32\IMM32.DLL
0x00007ff802820000 - 0x00007ff8028c1000 	C:\WINDOWS\System32\ADVAPI32.dll
0x00007ff802b60000 - 0x00007ff802bbb000 	C:\WINDOWS\System32\sechost.dll
0x00007ffff2710000 - 0x00007ffff2979000 	C:\WINDOWS\WinSxS\amd64_microsoft.windows.common-controls_6595b64144ccf1df_6.0.16299.64_none_cc9304e22215ca8f\COMCTL32.dll
0x000000006b0f0000 - 0x000000006b1c2000 	C:\Program Files\Java\jdk1.8.0_131\jre\bin\msvcr100.dll
0x000000006a850000 - 0x000000006b0ec000 	C:\Program Files\Java\jdk1.8.0_131\jre\bin\server\jvm.dll
0x00007ff8047f0000 - 0x00007ff8047f8000 	C:\WINDOWS\System32\PSAPI.DLL
0x00007ffffd810000 - 0x00007ffffd833000 	C:\WINDOWS\SYSTEM32\WINMM.dll
0x00007ffff3170000 - 0x00007ffff317a000 	C:\WINDOWS\SYSTEM32\VERSION.dll
0x00007ffffd7e0000 - 0x00007ffffd80a000 	C:\WINDOWS\SYSTEM32\WINMMBASE.dll
0x00007ff800fd0000 - 0x00007ff80101a000 	C:\WINDOWS\System32\cfgmgr32.dll
0x00007ffffb3c0000 - 0x00007ffffb3c9000 	C:\WINDOWS\SYSTEM32\WSOCK32.dll
0x00007ff801e70000 - 0x00007ff801edc000 	C:\WINDOWS\System32\WS2_32.dll
0x000000006a840000 - 0x000000006a84f000 	C:\Program Files\Java\jdk1.8.0_131\jre\bin\verify.dll
0x000000006a810000 - 0x000000006a839000 	C:\Program Files\Java\jdk1.8.0_131\jre\bin\java.dll
0x000000006a7f0000 - 0x000000006a806000 	C:\Program Files\Java\jdk1.8.0_131\jre\bin\zip.dll
0x00007ff802e20000 - 0x00007ff804257000 	C:\WINDOWS\System32\SHELL32.dll
0x00007ff8046c0000 - 0x00007ff804766000 	C:\WINDOWS\System32\shcore.dll
0x00007ff8014c0000 - 0x00007ff801c07000 	C:\WINDOWS\System32\windows.storage.dll
0x00007ff800d80000 - 0x00007ff800d91000 	C:\WINDOWS\System32\kernel.appcore.dll
0x00007ff800d30000 - 0x00007ff800d7c000 	C:\WINDOWS\System32\powrprof.dll
0x00007ff800cf0000 - 0x00007ff800d0b000 	C:\WINDOWS\System32\profapi.dll
0x000000006a7d0000 - 0x000000006a7ea000 	C:\Program Files\Java\jdk1.8.0_131\jre\bin\net.dll
0x00007ff800580000 - 0x00007ff8005e6000 	C:\WINDOWS\system32\mswsock.dll
0x000000006a7b0000 - 0x000000006a7c1000 	C:\Program Files\Java\jdk1.8.0_131\jre\bin\nio.dll

VM Arguments:
jvm_args: -Dfile.encoding=UTF-8 
java_command: org.eclipse.emf.mwe2.launch.runtime.Mwe2Launcher src/hu/bzolt/webdsl/GenerateWebDsl.mwe2
java_class_path (initial): C:\Program Files\Java\jdk1.8.0_131\jre\lib\resources.jar;C:\Program Files\Java\jdk1.8.0_131\jre\lib\rt.jar;C:\Program Files\Java\jdk1.8.0_131\jre\lib\jsse.jar;C:\Program Files\Java\jdk1.8.0_131\jre\lib\jce.jar;C:\Program Files\Java\jdk1.8.0_131\jre\lib\charsets.jar;C:\Program Files\Java\jdk1.8.0_131\jre\lib\jfr.jar;C:\Program Files\Java\jdk1.8.0_131\jre\lib\ext\access-bridge-64.jar;C:\Program Files\Java\jdk1.8.0_131\jre\lib\ext\cldrdata.jar;C:\Program Files\Java\jdk1.8.0_131\jre\lib\ext\dnsns.jar;C:\Program Files\Java\jdk1.8.0_131\jre\lib\ext\jaccess.jar;C:\Program Files\Java\jdk1.8.0_131\jre\lib\ext\jfxrt.jar;C:\Program Files\Java\jdk1.8.0_131\jre\lib\ext\localedata.jar;C:\Program Files\Java\jdk1.8.0_131\jre\lib\ext\nashorn.jar;C:\Program Files\Java\jdk1.8.0_131\jre\lib\ext\sunec.jar;C:\Program Files\Java\jdk1.8.0_131\jre\lib\ext\sunjce_provider.jar;C:\Program Files\Java\jdk1.8.0_131\jre\lib\ext\sunmscapi.jar;C:\Program Files\Java\jdk1.8.0_131\jre\lib\ext\sunpkcs11.jar;C:\Program Files\Java\jdk1.8.0_131\jre\lib\ext\zipfs.jar;C:\Users\tapecs\git\webdsl\hu.bzolt.webdsl.parent\hu.bzolt.webdsl\target\classes;C:\Users\tapecs\.gradle\caches\modules-2\files-2.1\org.eclipse.xtext\org.eclipse.xtext\2.11.0\9f8d2ac37bff038479a443300b995af0a5a138ba\org.eclipse.xtext-2.11.0.jar;C:\Users\tapecs\.gradle\caches\modules-2\files-2.1\org.eclipse.xtext\org.eclipse.xtext.xbase\2.11.0\ebb780d0aff64be16ad8b176edf93c5a657ec080\org.eclipse.xtext.xbase-2.11.0.jar;C:\Users\tapecs\.gradle\caches\modules-2\files-2.1\org.eclipse.xtext\org.eclipse.xtext.util\2.11.0\799086dcff93984a99e3eba46775b4e634c8f3c3\org.eclipse.xtext.util-2.11.0.jar;C:\Users\tapecs\.gradle\caches\modules-2\files-2.1\org.eclipse.xtend\org.eclipse.xtend.lib\2.11.0\5f62a80ee05ff553e2aa23afbae10d657792bb67\org.eclipse.xtend.lib-2.11.0.jar;C:\Users\tapecs\.gradle\caches\modules-2\files-2.1\log4j\log4j\1.2.16\7999a63bfccbc7c247a9aea10d83d4272bd492c6\log4j-1.2.16.jar;C:\Users\tapecs\.gradle\caches\mod
Launcher Type: SUN_STANDARD

Environment Variables:
PATH=C:/Program Files/Java/jre1.8.0_131/bin/server;C:/Program Files/Java/jre1.8.0_131/bin;C:/Program Files/Java/jre1.8.0_131/lib/amd64;C:\ProgramData\Oracle\Java\javapath;C:\Program Files (x86)\Intel\iCLS Client\;C:\Program Files\Intel\iCLS Client\;C:\Windows\system32;C:\Windows;C:\Windows\System32\Wbem;C:\Windows\System32\WindowsPowerShell\v1.0\;C:\Program Files (x86)\Intel\OpenCL SDK\2.0\bin\x86;C:\Program Files (x86)\Intel\OpenCL SDK\2.0\bin\x64;c:\Program Files\Java\jdk1.8.0_60\bin\;C:\Users\tapecs\.dnx\bin;C:\Program Files\Microsoft DNX\Dnvm\;C:\Program Files\Microsoft SQL Server\120\Tools\Binn\;C:\Program Files\Microsoft SQL Server\Client SDK\ODBC\110\Tools\Binn\;C:\Program Files (x86)\Microsoft SQL Server\120\Tools\Binn\ManagementStudio\;C:\Program Files (x86)\Microsoft SQL Server\120\Tools\Binn\;C:\Program Files (x86)\Microsoft SQL Server\120\DTS\Binn\;C:\Program Files\Microsoft SQL Server\120\DTS\Binn\;C:\WINDOWS\system32;C:\WINDOWS;C:\WINDOWS\System32\Wbem;C:\WINDOWS\System32\WindowsPowerShell\v1.0\;C:\Program Files\nodejs\;C:\Program Files\Git\cmd;C:\WINDOWS\system32;C:\WINDOWS;C:\WINDOWS\System32\Wbem;C:\WINDOWS\System32\WindowsPowerShell\v1.0\;C:\Program Files\OpenVPN\bin;C:\Program Files (x86)\Skype\Phone\;C:\Users\tapecs\AppData\Local\Microsoft\WindowsApps;F:\Python27;C:\Users\tapecs\AppData\Roaming\npm;C:\Program Files\Spring\sts-3.7.0.RELEASE;
USERNAME=tapecs
OS=Windows_NT
PROCESSOR_IDENTIFIER=Intel64 Family 6 Model 42 Stepping 7, GenuineIntel



---------------  S Y S T E M  ---------------

OS: Windows 10.0 , 64 bit Build 16299 (10.0.16299.15)

CPU:total 4 (initial active 4) (2 cores per cpu, 2 threads per core) family 6 model 42 stepping 7, cmov, cx8, fxsr, mmx, sse, sse2, sse3, ssse3, sse4.1, sse4.2, popcnt, avx, aes, clmul, ht, tsc, tscinvbit

Memory: 4k page, physical 12431212k(2540340k free), swap 12431212k(5556k free)

vm_info: Java HotSpot(TM) 64-Bit Server VM (25.131-b11) for windows-amd64 JRE (1.8.0_131-b11), built on Mar 15 2017 01:23:53 by "java_re" with MS VC++ 10.0 (VS2010)

time: Sun Dec 03 21:26:59 2017
elapsed time: 34 seconds (0d 0h 0m 34s)

